{
  "RSpec": {
    "coverage": {
      "/Users/travisgm/personal_project/battle_ship_ultima/battle_ship_ultima/app/helpers/application_helper.rb": {
        "lines": [
          1,
          null
        ]
      },
      "/Users/travisgm/personal_project/battle_ship_ultima/battle_ship_ultima/app/models/game.rb": {
        "lines": [
          1,
          1,
          1,
          1,
          1,
          1,
          null,
          1,
          1,
          1,
          1,
          0,
          null,
          null,
          1,
          1,
          1,
          null,
          null
        ]
      },
      "/Users/travisgm/personal_project/battle_ship_ultima/battle_ship_ultima/app/models/application_record.rb": {
        "lines": [
          1,
          1,
          null
        ]
      },
      "/Users/travisgm/personal_project/battle_ship_ultima/battle_ship_ultima/app/models/user.rb": {
        "lines": [
          1,
          1,
          1,
          1,
          null
        ]
      },
      "/Users/travisgm/personal_project/battle_ship_ultima/battle_ship_ultima/app/models/board.rb": {
        "lines": [
          1,
          1,
          1,
          1,
          null
        ]
      },
      "/Users/travisgm/personal_project/battle_ship_ultima/battle_ship_ultima/app/models/ship.rb": {
        "lines": [
          1,
          1,
          1,
          1,
          null,
          1,
          1,
          1,
          1,
          1,
          null,
          1,
          null,
          null,
          1,
          null,
          null,
          null,
          null
        ]
      },
      "/Users/travisgm/personal_project/battle_ship_ultima/battle_ship_ultima/app/models/cell.rb": {
        "lines": [
          1,
          1,
          1,
          null,
          1,
          1,
          1,
          1,
          null,
          null
        ]
      },
      "/Users/travisgm/personal_project/battle_ship_ultima/battle_ship_ultima/app/services/coordinates.rb": {
        "lines": [
          1,
          null,
          1,
          1,
          1,
          1,
          1,
          null,
          null,
          1,
          1,
          1,
          1,
          0,
          null,
          1,
          null,
          null,
          0,
          null,
          null,
          null,
          1,
          1,
          null,
          null,
          1,
          1,
          1,
          1,
          null,
          0,
          null,
          null,
          0,
          null,
          null,
          null,
          1,
          4,
          4,
          1,
          null,
          3,
          null,
          null,
          null,
          1,
          0,
          0,
          0,
          null,
          0,
          null,
          null,
          null,
          1,
          0,
          null,
          null
        ]
      }
    },
    "timestamp": 1615596113
  }
}
